<?xml version="1.0" encoding="UTF-8"?>
<!-- Generated by org.testng.reporters.JUnitXMLReporter -->
<testsuite ignored="0" hostname="Rays-MacBook-Air.local" failures="0" tests="4" name="Test" time="0.066" errors="0" timestamp="2020-10-04T19:45:21 PDT">
  <testcase classname="groupIDMaven.artifactIDMaven.AppiumTest" name="appDetect" time="0.006"/>
  <testcase classname="groupIDMaven.artifactIDMaven.AppiumTest" name="mobileLogin" time="0.001"/>
  <testcase classname="groupIDMaven.artifactIDMaven.SeleniumTest" name="BrowserTest" time="0.001"/>
  <testcase classname="groupIDMaven.artifactIDMaven.SeleniumTest" name="elementUI" time="0.001"/>
</testsuite> <!-- Test -->
