<?xml version="1.0" encoding="UTF-8"?>
<testng-results ignored="0" total="2" passed="2" failed="0" skipped="0">
  <reporter-output>
  </reporter-output>
  <suite started-at="2020-10-04T18:25:09 PDT" name="Default suite" finished-at="2020-10-04T18:25:09 PDT" duration-ms="79">
    <groups>
    </groups>
    <test started-at="2020-10-04T18:25:09 PDT" name="Default test" finished-at="2020-10-04T18:25:09 PDT" duration-ms="79">
      <class name="groupIDMaven.artifactIDMaven.APITest">
        <test-method signature="deletePost()[pri:0, instance:groupIDMaven.artifactIDMaven.APITest@79ca92b9]" started-at="2020-10-04T18:25:09 PDT" name="deletePost" finished-at="2020-10-04T18:25:09 PDT" duration-ms="12" status="PASS">
          <reporter-output>
          </reporter-output>
        </test-method> <!-- deletePost -->
        <test-method signature="postJira()[pri:0, instance:groupIDMaven.artifactIDMaven.APITest@79ca92b9]" started-at="2020-10-04T18:25:09 PDT" name="postJira" finished-at="2020-10-04T18:25:09 PDT" duration-ms="3" status="PASS">
          <reporter-output>
          </reporter-output>
        </test-method> <!-- postJira -->
      </class> <!-- groupIDMaven.artifactIDMaven.APITest -->
    </test> <!-- Default test -->
  </suite> <!-- Default suite -->
</testng-results>
